<?xml version="1.0" encoding="UTF-8"?>
<!-- Generated by org.testng.reporters.JUnitReportReporter -->
<testsuite hostname="ZCHD-CQR-SHIVAM-PANDOH" failures="0" tests="12" name="Apitesting.sampleproject.TestCases" time="12.957" errors="0" timestamp="27 May 2022 12:12:18 GMT" skipped="0">
  <testcase classname="Apitesting.sampleproject.TestCases" name="testFetchResourceNotFound" time="0.710"/>
  <testcase classname="Apitesting.sampleproject.TestCases" name="testFetchResource" time="0.681"/>
  <testcase classname="Apitesting.sampleproject.TestCases" name="testCreateUser" time="1.907"/>
  <testcase classname="Apitesting.sampleproject.TestCases" name="testLoginUnSuccessful" time="0.780"/>
  <testcase classname="Apitesting.sampleproject.TestCases" name="testRegisterUserUnsuccessful" time="0.739"/>
  <testcase classname="Apitesting.sampleproject.TestCases" name="testRegisterUserSuccessful" time="0.756"/>
  <testcase classname="Apitesting.sampleproject.TestCases" name="testDelayedResponse" time="3.751"/>
  <testcase classname="Apitesting.sampleproject.TestCases" name="testFetchListResource" time="0.733"/>
  <testcase classname="Apitesting.sampleproject.TestCases" name="testUserNotFound" time="0.722"/>
  <testcase classname="Apitesting.sampleproject.TestCases" name="testLoginSuccessful" time="0.795"/>
  <testcase classname="Apitesting.sampleproject.TestCases" name="testFetchUser" time="0.716"/>
  <testcase classname="Apitesting.sampleproject.TestCases" name="testFetchUsers" time="0.667"/>
</testsuite> <!-- Apitesting.sampleproject.TestCases -->
